{"/media/shahriar/cbac50c2-4d82-43e6-93bf-4c91886d66b0/Work Files/practiceProjects/Boilerplate-React/src/App.tsx": {"path":"/media/shahriar/cbac50c2-4d82-43e6-93bf-4c91886d66b0/Work Files/practiceProjects/Boilerplate-React/src/App.tsx","statementMap":{"0":{"start":{"line":1,"column":0},"end":{"line":1,"column":64}},"1":{"start":{"line":2,"column":0},"end":{"line":2,"column":59}},"2":{"start":{"line":3,"column":0},"end":{"line":3,"column":56}},"3":{"start":{"line":4,"column":0},"end":{"line":4,"column":43}},"4":{"start":{"line":5,"column":0},"end":{"line":5,"column":58}},"5":{"start":{"line":6,"column":0},"end":{"line":6,"column":72}},"6":{"start":{"line":7,"column":0},"end":{"line":7,"column":19}},"7":{"start":{"line":13,"column":18},"end":{"line":17,"column":2}},"8":{"start":{"line":15,"column":19},"end":{"line":15,"column":21}},"9":{"start":{"line":16,"column":19},"end":{"line":16,"column":28}},"10":{"start":{"line":19,"column":12},"end":{"line":33,"column":1}},"11":{"start":{"line":20,"column":2},"end":{"line":32,"column":4}},"12":{"start":{"line":35,"column":0},"end":{"line":35,"column":19}}},"fnMap":{"0":{"name":"(anonymous_1)","decl":{"start":{"line":14,"column":12},"end":{"line":14,"column":15}},"loc":{"start":{"line":14,"column":17},"end":{"line":14,"column":21}}},"1":{"name":"(anonymous_2)","decl":{"start":{"line":15,"column":12},"end":{"line":15,"column":15}},"loc":{"start":{"line":15,"column":19},"end":{"line":15,"column":21}}},"2":{"name":"(anonymous_3)","decl":{"start":{"line":16,"column":13},"end":{"line":16,"column":16}},"loc":{"start":{"line":16,"column":19},"end":{"line":16,"column":28}}},"3":{"name":"(anonymous_4)","decl":{"start":{"line":16,"column":19},"end":{"line":16,"column":22}},"loc":{"start":{"line":16,"column":24},"end":{"line":16,"column":28}}},"4":{"name":"(anonymous_5)","decl":{"start":{"line":19,"column":12},"end":{"line":19,"column":15}},"loc":{"start":{"line":19,"column":17},"end":{"line":33,"column":1}}}},"branchMap":{},"s":{"0":0,"1":0,"2":0,"3":0,"4":0,"5":0,"6":0,"7":0,"8":0,"9":0,"10":0,"11":0,"12":0},"f":{"0":0,"1":0,"2":0,"3":0,"4":0},"b":{}}
,"/media/shahriar/cbac50c2-4d82-43e6-93bf-4c91886d66b0/Work Files/practiceProjects/Boilerplate-React/src/adapters/storage/local-storage.adapter.ts": {"path":"/media/shahriar/cbac50c2-4d82-43e6-93bf-4c91886d66b0/Work Files/practiceProjects/Boilerplate-React/src/adapters/storage/local-storage.adapter.ts","statementMap":{"0":{"start":{"line":1,"column":0},"end":{"line":1,"column":39}},"1":{"start":{"line":5,"column":7},"end":{"line":47,"column":null}},"2":{"start":{"line":6,"column":19},"end":{"line":6,"column":35}},"3":{"start":{"line":9,"column":4},"end":{"line":14,"column":5}},"4":{"start":{"line":10,"column":6},"end":{"line":10,"column":62}},"5":{"start":{"line":12,"column":6},"end":{"line":12,"column":75}},"6":{"start":{"line":13,"column":6},"end":{"line":13,"column":18}},"7":{"start":{"line":18,"column":4},"end":{"line":22,"column":5}},"8":{"start":{"line":19,"column":6},"end":{"line":19,"column":62}},"9":{"start":{"line":21,"column":6},"end":{"line":21,"column":73}},"10":{"start":{"line":26,"column":4},"end":{"line":30,"column":5}},"11":{"start":{"line":27,"column":6},"end":{"line":27,"column":58}},"12":{"start":{"line":29,"column":6},"end":{"line":29,"column":76}},"13":{"start":{"line":34,"column":4},"end":{"line":41,"column":5}},"14":{"start":{"line":36,"column":6},"end":{"line":38,"column":54}},"15":{"start":{"line":37,"column":23},"end":{"line":37,"column":50}},"16":{"start":{"line":38,"column":24},"end":{"line":38,"column":52}},"17":{"start":{"line":40,"column":6},"end":{"line":40,"column":58}},"18":{"start":{"line":45,"column":4},"end":{"line":45,"column":34}},"19":{"start":{"line":5,"column":13},"end":{"line":5,"column":32}},"20":{"start":{"line":5,"column":13},"end":{"line":47,"column":null}}},"fnMap":{"0":{"name":"(anonymous_1)","decl":{"start":{"line":5,"column":7},"end":{"line":5,"column":13}},"loc":{"start":{"line":5,"column":7},"end":{"line":47,"column":1}}},"1":{"name":"(anonymous_2)","decl":{"start":{"line":8,"column":2},"end":{"line":8,"column":5}},"loc":{"start":{"line":8,"column":17},"end":{"line":15,"column":3}}},"2":{"name":"(anonymous_3)","decl":{"start":{"line":17,"column":2},"end":{"line":17,"column":5}},"loc":{"start":{"line":17,"column":32},"end":{"line":23,"column":3}}},"3":{"name":"(anonymous_4)","decl":{"start":{"line":25,"column":2},"end":{"line":25,"column":8}},"loc":{"start":{"line":25,"column":20},"end":{"line":31,"column":3}}},"4":{"name":"(anonymous_5)","decl":{"start":{"line":33,"column":2},"end":{"line":33,"column":7}},"loc":{"start":{"line":33,"column":7},"end":{"line":42,"column":3}}},"5":{"name":"(anonymous_6)","decl":{"start":{"line":37,"column":16},"end":{"line":37,"column":19}},"loc":{"start":{"line":37,"column":23},"end":{"line":37,"column":50}}},"6":{"name":"(anonymous_7)","decl":{"start":{"line":38,"column":17},"end":{"line":38,"column":20}},"loc":{"start":{"line":38,"column":24},"end":{"line":38,"column":52}}},"7":{"name":"(anonymous_8)","decl":{"start":{"line":44,"column":10},"end":{"line":44,"column":26}},"loc":{"start":{"line":44,"column":38},"end":{"line":46,"column":3}}}},"branchMap":{},"s":{"0":0,"1":0,"2":0,"3":0,"4":0,"5":0,"6":0,"7":0,"8":0,"9":0,"10":0,"11":0,"12":0,"13":0,"14":0,"15":0,"16":0,"17":0,"18":0,"19":0,"20":0},"f":{"0":0,"1":0,"2":0,"3":0,"4":0,"5":0,"6":0,"7":0},"b":{}}
,"/media/shahriar/cbac50c2-4d82-43e6-93bf-4c91886d66b0/Work Files/practiceProjects/Boilerplate-React/src/app/config/types.ts": {"path":"/media/shahriar/cbac50c2-4d82-43e6-93bf-4c91886d66b0/Work Files/practiceProjects/Boilerplate-React/src/app/config/types.ts","statementMap":{"0":{"start":{"line":4,"column":13},"end":{"line":37,"column":2}}},"fnMap":{},"branchMap":{},"s":{"0":1},"f":{},"b":{}}
,"/media/shahriar/cbac50c2-4d82-43e6-93bf-4c91886d66b0/Work Files/practiceProjects/Boilerplate-React/src/domain/entities/user.entity.ts": {"path":"/media/shahriar/cbac50c2-4d82-43e6-93bf-4c91886d66b0/Work Files/practiceProjects/Boilerplate-React/src/domain/entities/user.entity.ts","statementMap":{"0":{"start":{"line":32,"column":4},"end":{"line":32,"column":22}},"1":{"start":{"line":33,"column":4},"end":{"line":33,"column":28}},"2":{"start":{"line":34,"column":4},"end":{"line":34,"column":34}},"3":{"start":{"line":35,"column":4},"end":{"line":35,"column":36}},"4":{"start":{"line":36,"column":4},"end":{"line":36,"column":34}},"5":{"start":{"line":37,"column":4},"end":{"line":37,"column":28}},"6":{"start":{"line":38,"column":4},"end":{"line":38,"column":48}},"7":{"start":{"line":39,"column":4},"end":{"line":39,"column":34}},"8":{"start":{"line":40,"column":4},"end":{"line":40,"column":46}},"9":{"start":{"line":41,"column":4},"end":{"line":41,"column":46}},"10":{"start":{"line":45,"column":4},"end":{"line":47,"column":5}},"11":{"start":{"line":46,"column":6},"end":{"line":46,"column":50}},"12":{"start":{"line":48,"column":4},"end":{"line":48,"column":25}},"13":{"start":{"line":52,"column":4},"end":{"line":54,"column":5}},"14":{"start":{"line":53,"column":6},"end":{"line":53,"column":83}},"15":{"start":{"line":55,"column":4},"end":{"line":55,"column":55}},"16":{"start":{"line":59,"column":4},"end":{"line":59,"column":59}},"17":{"start":{"line":59,"column":35},"end":{"line":59,"column":57}},"18":{"start":{"line":63,"column":4},"end":{"line":63,"column":33}},"19":{"start":{"line":19,"column":0},"end":{"line":19,"column":13}}},"fnMap":{"0":{"name":"(anonymous_0)","decl":{"start":{"line":31,"column":2},"end":{"line":31,"column":14}},"loc":{"start":{"line":31,"column":24},"end":{"line":42,"column":3}}},"1":{"name":"(anonymous_1)","decl":{"start":{"line":44,"column":2},"end":{"line":44,"column":6}},"loc":{"start":{"line":44,"column":14},"end":{"line":49,"column":3}}},"2":{"name":"(anonymous_2)","decl":{"start":{"line":51,"column":2},"end":{"line":51,"column":6}},"loc":{"start":{"line":51,"column":14},"end":{"line":56,"column":3}}},"3":{"name":"(anonymous_3)","decl":{"start":{"line":58,"column":2},"end":{"line":58,"column":9}},"loc":{"start":{"line":58,"column":26},"end":{"line":60,"column":3}}},"4":{"name":"(anonymous_4)","decl":{"start":{"line":59,"column":27},"end":{"line":59,"column":31}},"loc":{"start":{"line":59,"column":35},"end":{"line":59,"column":57}}},"5":{"name":"(anonymous_5)","decl":{"start":{"line":62,"column":2},"end":{"line":62,"column":9}},"loc":{"start":{"line":62,"column":9},"end":{"line":64,"column":3}}}},"branchMap":{"0":{"loc":{"start":{"line":45,"column":4},"end":{"line":47,"column":5}},"type":"if","locations":[{"start":{"line":45,"column":4},"end":{"line":47,"column":5}}]},"1":{"loc":{"start":{"line":45,"column":8},"end":{"line":45,"column":39}},"type":"binary-expr","locations":[{"start":{"line":45,"column":8},"end":{"line":45,"column":22}},{"start":{"line":45,"column":26},"end":{"line":45,"column":39}}]},"2":{"loc":{"start":{"line":52,"column":4},"end":{"line":54,"column":5}},"type":"if","locations":[{"start":{"line":52,"column":4},"end":{"line":54,"column":5}}]},"3":{"loc":{"start":{"line":52,"column":8},"end":{"line":52,"column":39}},"type":"binary-expr","locations":[{"start":{"line":52,"column":8},"end":{"line":52,"column":22}},{"start":{"line":52,"column":26},"end":{"line":52,"column":39}}]}},"s":{"0":0,"1":0,"2":0,"3":0,"4":0,"5":0,"6":0,"7":0,"8":0,"9":0,"10":0,"11":0,"12":0,"13":0,"14":0,"15":0,"16":0,"17":0,"18":0,"19":0},"f":{"0":0,"1":0,"2":0,"3":0,"4":0,"5":0},"b":{"0":[0],"1":[0,0],"2":[0],"3":[0,0]}}
,"/media/shahriar/cbac50c2-4d82-43e6-93bf-4c91886d66b0/Work Files/practiceProjects/Boilerplate-React/src/errorBoundaries/GlobalErrorBoundary.tsx": {"path":"/media/shahriar/cbac50c2-4d82-43e6-93bf-4c91886d66b0/Work Files/practiceProjects/Boilerplate-React/src/errorBoundaries/GlobalErrorBoundary.tsx","statementMap":{"0":{"start":{"line":1,"column":0},"end":{"line":1,"column":63}},"1":{"start":{"line":15,"column":4},"end":{"line":15,"column":17}},"2":{"start":{"line":16,"column":4},"end":{"line":20,"column":6}},"3":{"start":{"line":25,"column":4},"end":{"line":25,"column":37}},"4":{"start":{"line":30,"column":4},"end":{"line":30,"column":78}},"5":{"start":{"line":31,"column":4},"end":{"line":31,"column":33}},"6":{"start":{"line":35,"column":4},"end":{"line":55,"column":5}},"7":{"start":{"line":37,"column":6},"end":{"line":54,"column":8}},"8":{"start":{"line":48,"column":14},"end":{"line":48,"column":39}},"9":{"start":{"line":57,"column":4},"end":{"line":57,"column":31}},"10":{"start":{"line":61,"column":0},"end":{"line":61,"column":35}}},"fnMap":{"0":{"name":"(anonymous_0)","decl":{"start":{"line":14,"column":2},"end":{"line":14,"column":14}},"loc":{"start":{"line":14,"column":39},"end":{"line":21,"column":3}}},"1":{"name":"(anonymous_1)","decl":{"start":{"line":23,"column":2},"end":{"line":23,"column":8}},"loc":{"start":{"line":23,"column":46},"end":{"line":26,"column":3}}},"2":{"name":"(anonymous_2)","decl":{"start":{"line":28,"column":2},"end":{"line":28,"column":19}},"loc":{"start":{"line":28,"column":54},"end":{"line":32,"column":3}}},"3":{"name":"(anonymous_3)","decl":{"start":{"line":34,"column":2},"end":{"line":34,"column":8}},"loc":{"start":{"line":34,"column":8},"end":{"line":58,"column":3}}},"4":{"name":"(anonymous_4)","decl":{"start":{"line":47,"column":21},"end":{"line":47,"column":24}},"loc":{"start":{"line":47,"column":26},"end":{"line":49,"column":13}}}},"branchMap":{"0":{"loc":{"start":{"line":35,"column":4},"end":{"line":55,"column":5}},"type":"if","locations":[{"start":{"line":35,"column":4},"end":{"line":55,"column":5}}]},"1":{"loc":{"start":{"line":42,"column":13},"end":{"line":42,"column":60}},"type":"binary-expr","locations":[{"start":{"line":42,"column":13},"end":{"line":42,"column":29}},{"start":{"line":42,"column":33},"end":{"line":42,"column":60}}]},"2":{"loc":{"start":{"line":44,"column":13},"end":{"line":44,"column":72}},"type":"binary-expr","locations":[{"start":{"line":44,"column":13},"end":{"line":44,"column":33}},{"start":{"line":44,"column":37},"end":{"line":44,"column":72}}]}},"s":{"0":0,"1":0,"2":0,"3":0,"4":0,"5":0,"6":0,"7":0,"8":0,"9":0,"10":0},"f":{"0":0,"1":0,"2":0,"3":0,"4":0},"b":{"0":[0],"1":[0,0],"2":[0,0]}}
,"/media/shahriar/cbac50c2-4d82-43e6-93bf-4c91886d66b0/Work Files/practiceProjects/Boilerplate-React/src/features/auth/repositories/implementations/auth-api.repository.ts": {"path":"/media/shahriar/cbac50c2-4d82-43e6-93bf-4c91886d66b0/Work Files/practiceProjects/Boilerplate-React/src/features/auth/repositories/implementations/auth-api.repository.ts","statementMap":{"0":{"start":{"line":1,"column":0},"end":{"line":1,"column":47}},"1":{"start":{"line":2,"column":0},"end":{"line":2,"column":53}},"2":{"start":{"line":14,"column":7},"end":{"line":52,"column":null}},"3":{"start":{"line":16,"column":51},"end":{"line":16,"column":74}},"4":{"start":{"line":17,"column":54},"end":{"line":17,"column":76}},"5":{"start":{"line":21,"column":8},"end":{"line":28,"column":9}},"6":{"start":{"line":22,"column":29},"end":{"line":22,"column":94}},"7":{"start":{"line":23,"column":12},"end":{"line":23,"column":60}},"8":{"start":{"line":24,"column":12},"end":{"line":24,"column":28}},"9":{"start":{"line":26,"column":12},"end":{"line":26,"column":57}},"10":{"start":{"line":27,"column":12},"end":{"line":27,"column":24}},"11":{"start":{"line":32,"column":8},"end":{"line":39,"column":9}},"12":{"start":{"line":33,"column":29},"end":{"line":33,"column":100}},"13":{"start":{"line":34,"column":12},"end":{"line":34,"column":61}},"14":{"start":{"line":35,"column":12},"end":{"line":35,"column":28}},"15":{"start":{"line":37,"column":12},"end":{"line":37,"column":60}},"16":{"start":{"line":38,"column":12},"end":{"line":38,"column":24}},"17":{"start":{"line":43,"column":8},"end":{"line":50,"column":9}},"18":{"start":{"line":44,"column":12},"end":{"line":44,"column":55}},"19":{"start":{"line":45,"column":12},"end":{"line":45,"column":61}},"20":{"start":{"line":46,"column":12},"end":{"line":46,"column":24}},"21":{"start":{"line":48,"column":12},"end":{"line":48,"column":58}},"22":{"start":{"line":49,"column":12},"end":{"line":49,"column":25}},"23":{"start":{"line":14,"column":13},"end":{"line":14,"column":30}},"24":{"start":{"line":14,"column":13},"end":{"line":52,"column":null}}},"fnMap":{"0":{"name":"(anonymous_11)","decl":{"start":{"line":15,"column":4},"end":{"line":15,"column":null}},"loc":{"start":{"line":17,"column":76},"end":{"line":18,"column":9}}},"1":{"name":"(anonymous_12)","decl":{"start":{"line":20,"column":10},"end":{"line":20,"column":15}},"loc":{"start":{"line":20,"column":37},"end":{"line":29,"column":null}}},"2":{"name":"(anonymous_14)","decl":{"start":{"line":31,"column":10},"end":{"line":31,"column":18}},"loc":{"start":{"line":31,"column":43},"end":{"line":40,"column":null}}},"3":{"name":"(anonymous_16)","decl":{"start":{"line":42,"column":10},"end":{"line":42,"column":16}},"loc":{"start":{"line":42,"column":16},"end":{"line":51,"column":null}}}},"branchMap":{},"s":{"0":0,"1":0,"2":0,"3":0,"4":0,"5":0,"6":0,"7":0,"8":0,"9":0,"10":0,"11":0,"12":0,"13":0,"14":0,"15":0,"16":0,"17":0,"18":0,"19":0,"20":0,"21":0,"22":0,"23":0,"24":0},"f":{"0":0,"1":0,"2":0,"3":0},"b":{}}
,"/media/shahriar/cbac50c2-4d82-43e6-93bf-4c91886d66b0/Work Files/practiceProjects/Boilerplate-React/src/features/auth/services/implementations/auth.service.ts": {"path":"/media/shahriar/cbac50c2-4d82-43e6-93bf-4c91886d66b0/Work Files/practiceProjects/Boilerplate-React/src/features/auth/services/implementations/auth.service.ts","statementMap":{"0":{"start":{"line":1,"column":0},"end":{"line":1,"column":47}},"1":{"start":{"line":2,"column":0},"end":{"line":2,"column":53}},"2":{"start":{"line":16,"column":7},"end":{"line":94,"column":null}},"3":{"start":{"line":18,"column":51},"end":{"line":18,"column":82}},"4":{"start":{"line":19,"column":51},"end":{"line":19,"column":75}},"5":{"start":{"line":20,"column":50},"end":{"line":20,"column":72}},"6":{"start":{"line":24,"column":4},"end":{"line":37,"column":5}},"7":{"start":{"line":25,"column":23},"end":{"line":25,"column":63}},"8":{"start":{"line":27,"column":6},"end":{"line":31,"column":7}},"9":{"start":{"line":28,"column":8},"end":{"line":28,"column":50}},"10":{"start":{"line":29,"column":8},"end":{"line":29,"column":64}},"11":{"start":{"line":30,"column":8},"end":{"line":30,"column":56}},"12":{"start":{"line":33,"column":6},"end":{"line":33,"column":22}},"13":{"start":{"line":35,"column":6},"end":{"line":35,"column":53}},"14":{"start":{"line":36,"column":6},"end":{"line":36,"column":18}},"15":{"start":{"line":41,"column":4},"end":{"line":54,"column":5}},"16":{"start":{"line":42,"column":23},"end":{"line":42,"column":66}},"17":{"start":{"line":44,"column":6},"end":{"line":48,"column":7}},"18":{"start":{"line":45,"column":8},"end":{"line":45,"column":50}},"19":{"start":{"line":46,"column":8},"end":{"line":46,"column":64}},"20":{"start":{"line":47,"column":8},"end":{"line":47,"column":57}},"21":{"start":{"line":50,"column":6},"end":{"line":50,"column":22}},"22":{"start":{"line":52,"column":6},"end":{"line":52,"column":60}},"23":{"start":{"line":53,"column":6},"end":{"line":53,"column":18}},"24":{"start":{"line":58,"column":4},"end":{"line":71,"column":5}},"25":{"start":{"line":59,"column":22},"end":{"line":59,"column":56}},"26":{"start":{"line":61,"column":6},"end":{"line":65,"column":7}},"27":{"start":{"line":62,"column":8},"end":{"line":62,"column":37}},"28":{"start":{"line":63,"column":8},"end":{"line":63,"column":36}},"29":{"start":{"line":64,"column":8},"end":{"line":64,"column":57}},"30":{"start":{"line":67,"column":6},"end":{"line":67,"column":21}},"31":{"start":{"line":69,"column":6},"end":{"line":69,"column":54}},"32":{"start":{"line":70,"column":6},"end":{"line":70,"column":19}},"33":{"start":{"line":75,"column":4},"end":{"line":83,"column":5}},"34":{"start":{"line":76,"column":23},"end":{"line":76,"column":47}},"35":{"start":{"line":77,"column":6},"end":{"line":77,"column":33}},"36":{"start":{"line":77,"column":21},"end":{"line":77,"column":33}},"37":{"start":{"line":79,"column":6},"end":{"line":79,"column":45}},"38":{"start":{"line":81,"column":6},"end":{"line":81,"column":61}},"39":{"start":{"line":82,"column":6},"end":{"line":82,"column":18}},"40":{"start":{"line":87,"column":4},"end":{"line":92,"column":5}},"41":{"start":{"line":88,"column":6},"end":{"line":88,"column":41}},"42":{"start":{"line":90,"column":6},"end":{"line":90,"column":71}},"43":{"start":{"line":91,"column":6},"end":{"line":91,"column":19}},"44":{"start":{"line":16,"column":13},"end":{"line":16,"column":24}},"45":{"start":{"line":16,"column":13},"end":{"line":94,"column":null}}},"fnMap":{"0":{"name":"(anonymous_11)","decl":{"start":{"line":17,"column":2},"end":{"line":17,"column":null}},"loc":{"start":{"line":20,"column":72},"end":{"line":21,"column":6}}},"1":{"name":"(anonymous_12)","decl":{"start":{"line":23,"column":8},"end":{"line":23,"column":13}},"loc":{"start":{"line":23,"column":35},"end":{"line":38,"column":null}}},"2":{"name":"(anonymous_14)","decl":{"start":{"line":40,"column":8},"end":{"line":40,"column":16}},"loc":{"start":{"line":40,"column":41},"end":{"line":55,"column":null}}},"3":{"name":"(anonymous_16)","decl":{"start":{"line":57,"column":8},"end":{"line":57,"column":14}},"loc":{"start":{"line":57,"column":14},"end":{"line":72,"column":null}}},"4":{"name":"(anonymous_18)","decl":{"start":{"line":74,"column":2},"end":{"line":74,"column":16}},"loc":{"start":{"line":74,"column":16},"end":{"line":84,"column":3}}},"5":{"name":"(anonymous_19)","decl":{"start":{"line":86,"column":2},"end":{"line":86,"column":17}},"loc":{"start":{"line":86,"column":17},"end":{"line":93,"column":3}}}},"branchMap":{"0":{"loc":{"start":{"line":27,"column":6},"end":{"line":31,"column":7}},"type":"if","locations":[{"start":{"line":27,"column":6},"end":{"line":31,"column":7}}]},"1":{"loc":{"start":{"line":44,"column":6},"end":{"line":48,"column":7}},"type":"if","locations":[{"start":{"line":44,"column":6},"end":{"line":48,"column":7}}]},"2":{"loc":{"start":{"line":61,"column":6},"end":{"line":65,"column":7}},"type":"if","locations":[{"start":{"line":61,"column":6},"end":{"line":65,"column":7}}]},"3":{"loc":{"start":{"line":77,"column":6},"end":{"line":77,"column":33}},"type":"if","locations":[{"start":{"line":77,"column":6},"end":{"line":77,"column":33}}]}},"s":{"0":1,"1":1,"2":1,"3":10,"4":10,"5":10,"6":2,"7":2,"8":2,"9":1,"10":1,"11":1,"12":2,"13":0,"14":0,"15":2,"16":2,"17":2,"18":1,"19":1,"20":1,"21":2,"22":0,"23":0,"24":2,"25":2,"26":2,"27":1,"28":1,"29":1,"30":2,"31":0,"32":0,"33":2,"34":2,"35":2,"36":1,"37":1,"38":0,"39":0,"40":2,"41":2,"42":0,"43":0,"44":1,"45":1},"f":{"0":10,"1":2,"2":2,"3":2,"4":2,"5":2},"b":{"0":[1],"1":[1],"2":[1],"3":[1]}}
,"/media/shahriar/cbac50c2-4d82-43e6-93bf-4c91886d66b0/Work Files/practiceProjects/Boilerplate-React/src/features/users/models/user.dto.ts": {"path":"/media/shahriar/cbac50c2-4d82-43e6-93bf-4c91886d66b0/Work Files/practiceProjects/Boilerplate-React/src/features/users/models/user.dto.ts","statementMap":{"0":{"start":{"line":42,"column":34},"end":{"line":55,"column":1}},"1":{"start":{"line":43,"column":2},"end":{"line":54,"column":4}},"2":{"start":{"line":42,"column":13},"end":{"line":42,"column":34}},"3":{"start":{"line":57,"column":34},"end":{"line":70,"column":1}},"4":{"start":{"line":58,"column":2},"end":{"line":69,"column":4}},"5":{"start":{"line":57,"column":13},"end":{"line":57,"column":34}}},"fnMap":{"0":{"name":"(anonymous_0)","decl":{"start":{"line":42,"column":34},"end":{"line":42,"column":35}},"loc":{"start":{"line":42,"column":61},"end":{"line":55,"column":1}}},"1":{"name":"(anonymous_1)","decl":{"start":{"line":57,"column":34},"end":{"line":57,"column":35}},"loc":{"start":{"line":57,"column":58},"end":{"line":70,"column":1}}}},"branchMap":{},"s":{"0":0,"1":0,"2":0,"3":0,"4":0,"5":0},"f":{"0":0,"1":0},"b":{}}
,"/media/shahriar/cbac50c2-4d82-43e6-93bf-4c91886d66b0/Work Files/practiceProjects/Boilerplate-React/src/infrastructure/logging/logger.interface.ts": {"path":"/media/shahriar/cbac50c2-4d82-43e6-93bf-4c91886d66b0/Work Files/practiceProjects/Boilerplate-React/src/infrastructure/logging/logger.interface.ts","statementMap":{"0":{"start":{"line":1,"column":0},"end":{"line":1,"column":null}},"1":{"start":{"line":2,"column":2},"end":{"line":2,"column":null}},"2":{"start":{"line":3,"column":2},"end":{"line":3,"column":null}},"3":{"start":{"line":4,"column":2},"end":{"line":4,"column":null}},"4":{"start":{"line":5,"column":2},"end":{"line":5,"column":null}}},"fnMap":{"0":{"name":"(anonymous_0)","decl":{"start":{"line":1,"column":0},"end":{"line":1,"column":12}},"loc":{"start":{"line":1,"column":20},"end":{"line":6,"column":1}}}},"branchMap":{"0":{"loc":{"start":{"line":1,"column":12},"end":{"line":1,"column":null}},"type":"binary-expr","locations":[{"start":{"line":1,"column":12},"end":{"line":1,"column":20}},{"start":{"line":1,"column":20},"end":{"line":1,"column":null}}]}},"s":{"0":0,"1":0,"2":0,"3":0,"4":0},"f":{"0":0},"b":{"0":[0,0]}}
,"/media/shahriar/cbac50c2-4d82-43e6-93bf-4c91886d66b0/Work Files/practiceProjects/Boilerplate-React/src/routes/AppRoutes.tsx": {"path":"/media/shahriar/cbac50c2-4d82-43e6-93bf-4c91886d66b0/Work Files/practiceProjects/Boilerplate-React/src/routes/AppRoutes.tsx","statementMap":{"0":{"start":{"line":2,"column":0},"end":{"line":2,"column":59}},"1":{"start":{"line":5,"column":13},"end":{"line":5,"column":39}},"2":{"start":{"line":5,"column":19},"end":{"line":5,"column":39}},"3":{"start":{"line":6,"column":14},"end":{"line":6,"column":41}},"4":{"start":{"line":6,"column":20},"end":{"line":6,"column":41}},"5":{"start":{"line":7,"column":17},"end":{"line":7,"column":47}},"6":{"start":{"line":7,"column":23},"end":{"line":7,"column":47}},"7":{"start":{"line":8,"column":16},"end":{"line":8,"column":45}},"8":{"start":{"line":8,"column":22},"end":{"line":8,"column":45}},"9":{"start":{"line":9,"column":17},"end":{"line":9,"column":47}},"10":{"start":{"line":9,"column":23},"end":{"line":9,"column":47}},"11":{"start":{"line":11,"column":28},"end":{"line":32,"column":1}},"12":{"start":{"line":13,"column":26},"end":{"line":13,"column":31}},"13":{"start":{"line":15,"column":2},"end":{"line":31,"column":4}},"14":{"start":{"line":34,"column":0},"end":{"line":34,"column":25}}},"fnMap":{"0":{"name":"(anonymous_0)","decl":{"start":{"line":5,"column":13},"end":{"line":5,"column":16}},"loc":{"start":{"line":5,"column":19},"end":{"line":5,"column":39}}},"1":{"name":"(anonymous_1)","decl":{"start":{"line":6,"column":14},"end":{"line":6,"column":17}},"loc":{"start":{"line":6,"column":20},"end":{"line":6,"column":41}}},"2":{"name":"(anonymous_2)","decl":{"start":{"line":7,"column":17},"end":{"line":7,"column":20}},"loc":{"start":{"line":7,"column":23},"end":{"line":7,"column":47}}},"3":{"name":"(anonymous_3)","decl":{"start":{"line":8,"column":16},"end":{"line":8,"column":19}},"loc":{"start":{"line":8,"column":22},"end":{"line":8,"column":45}}},"4":{"name":"(anonymous_4)","decl":{"start":{"line":9,"column":17},"end":{"line":9,"column":20}},"loc":{"start":{"line":9,"column":23},"end":{"line":9,"column":47}}},"5":{"name":"(anonymous_5)","decl":{"start":{"line":11,"column":28},"end":{"line":11,"column":31}},"loc":{"start":{"line":11,"column":33},"end":{"line":32,"column":1}}}},"branchMap":{"0":{"loc":{"start":{"line":25,"column":17},"end":{"line":25,"column":81}},"type":"cond-expr","locations":[{"start":{"line":25,"column":35},"end":{"line":25,"column":46}},{"start":{"line":25,"column":49},"end":{"line":25,"column":81}}]}},"s":{"0":0,"1":0,"2":0,"3":0,"4":0,"5":0,"6":0,"7":0,"8":0,"9":0,"10":0,"11":0,"12":0,"13":0,"14":0},"f":{"0":0,"1":0,"2":0,"3":0,"4":0,"5":0},"b":{"0":[0,0]}}
}
